<?xml version='1.0' encoding='UTF-8'?>
<testsuite hostname="ManuelPC" name="mtg.cards.CardLoaderSpec" tests="6" errors="0" failures="0" skipped="0" time="0.31" timestamp="2025-11-06T16:53:10">
          <properties>
[...]
</properties>
          <testcase classname="mtg.cards.CardLoaderSpec" name="CardLoader should successfully load the list of cards from a valid JSON file" time="0.299">
                      
                    </testcase><testcase classname="mtg.cards.CardLoaderSpec" name="CardLoader should correctly parse Black Lotus details" time="0.002">
                      
                    </testcase><testcase classname="mtg.cards.CardLoaderSpec" name="CardLoader should correctly parse Shivan Dragon details" time="0.002">
                      
                    </testcase><testcase classname="mtg.cards.CardLoaderSpec" name="CardLoader should return an empty list when the file does not exist" time="0.002">
                      
                    </testcase><testcase classname="mtg.cards.CardLoaderSpec" name="CardLoader should return an empty list on invalid JSON" time="0.004">
                      
                    </testcase><testcase classname="mtg.cards.CardLoaderSpec" name="CardLoader should return an empty list on empty JSON array" time="0.001">
                      
                    </testcase>
          <system-out><![CDATA[]]></system-out>
          <system-err><![CDATA[]]></system-err>
        </testsuite>