<?xml version="1.0"?>
<!DOCTYPE coverage SYSTEM "http://cobertura.sourceforge.net/xml/coverage-04.dtd">
<coverage 
line-rate="0.54" lines-valid="24" lines-covered="13" branches-valid="2" branches-covered="0" branch-rate="0.00" complexity="0" version="1.0" timestamp="1762444392420">
    <sources>
        <source>--source</source>
        <source>C:/Users/manue/Desktop/MTG-Simulator/src/main/scala</source>
    </sources>
    <packages>
        <package name="mtg" line-rate="0.00" branch-rate="0.00" complexity="0">
            <classes>
                <class name="mtg.Main" filename="main.scala" line-rate="0.00" branch-rate="0.00" complexity="0">
                    <methods>
                        <method name="mtg/Main/&lt;none&gt;" signature="()V" line-rate="0.00" branch-rate="0.00" complexity="0">
                            <lines>
                                <line number="13" hits="0" branch="false"/>
                                <line number="15" hits="0" branch="true"/>
                                <line number="8" hits="0" branch="false"/>
                                <line number="11" hits="0" branch="false"/>
                                <line number="10" hits="0" branch="false"/>
                                <line number="13" hits="0" branch="false"/>
                                <line number="6" hits="0" branch="false"/>
                                <line number="15" hits="0" branch="false"/>
                                <line number="10" hits="0" branch="true"/>
                                <line number="8" hits="0" branch="false"/>
                                <line number="12" hits="0" branch="false"/>
                            </lines>
                        </method>
                    </methods>
                    <lines>
                        <line number="13" hits="0" branch="false"/>
                        <line number="15" hits="0" branch="true"/>
                        <line number="8" hits="0" branch="false"/>
                        <line number="11" hits="0" branch="false"/>
                        <line number="10" hits="0" branch="false"/>
                        <line number="13" hits="0" branch="false"/>
                        <line number="6" hits="0" branch="false"/>
                        <line number="15" hits="0" branch="false"/>
                        <line number="10" hits="0" branch="true"/>
                        <line number="8" hits="0" branch="false"/>
                        <line number="12" hits="0" branch="false"/>
                    </lines>
                </class>
            </classes>
        </package>
        <package name="mtg.cards" line-rate="1.00" branch-rate="1.00" complexity="0">
            <classes>
                <class 
                name="mtg.cards.CardLoader" filename="mtg/cards/CardLoader.scala" line-rate="1.00" branch-rate="1.00" complexity="0">
                    <methods>
                        <method name="mtg.cards/CardLoader/loadCards" signature="()V" line-rate="1.00" branch-rate="1.00" complexity="0">
                            <lines>
                                <line number="27" hits="1" branch="false"/>
                                <line number="18" hits="1" branch="false"/>
                                <line number="20" hits="1" branch="false"/>
                                <line number="13" hits="1" branch="false"/>
                                <line number="12" hits="1" branch="false"/>
                                <line number="24" hits="1" branch="false"/>
                                <line number="12" hits="1" branch="false"/>
                                <line number="18" hits="1" branch="false"/>
                                <line number="18" hits="1" branch="false"/>
                                <line number="23" hits="1" branch="false"/>
                                <line number="28" hits="1" branch="false"/>
                                <line number="12" hits="1" branch="false"/>
                            </lines>
                        </method>
                        <method name="mtg.cards/CardLoader/&lt;none&gt;" signature="()V" line-rate="1.00" branch-rate="1.00" complexity="0">
                            <lines>
                                <line number="8" hits="1" branch="false"/>
                            </lines>
                        </method>
                    </methods>
                    <lines>
                        <line number="27" hits="1" branch="false"/>
                        <line number="18" hits="1" branch="false"/>
                        <line number="20" hits="1" branch="false"/>
                        <line number="13" hits="1" branch="false"/>
                        <line number="12" hits="1" branch="false"/>
                        <line number="24" hits="1" branch="false"/>
                        <line number="12" hits="1" branch="false"/>
                        <line number="18" hits="1" branch="false"/>
                        <line number="18" hits="1" branch="false"/>
                        <line number="23" hits="1" branch="false"/>
                        <line number="8" hits="1" branch="false"/>
                        <line number="28" hits="1" branch="false"/>
                        <line number="12" hits="1" branch="false"/>
                    </lines>
</class>
            </classes>
        </package>
    </packages>
</coverage>
